[    0.000000] Linux version 4.15.0-193-generic (buildd@lcy02-amd64-022) (gcc version 7.5.0 (Ubuntu 7.5.0-3ubuntu1~18.04)) #204-Ubuntu SMP Fri Aug 26 19:20:21 UTC 2022 (Ubuntu 4.15.0-193.204-generic 4.15.18)
[    0.000000] Command line: BOOT_IMAGE=/boot/vmlinuz-4.15.0-193-generic root=LABEL=cloudimg-rootfs ro console=tty1 console=ttyS0
[    0.000000] KERNEL supported cpus:
[    0.000000]   Intel GenuineIntel
[    0.000000]   AMD AuthenticAMD
[    0.000000]   Centaur CentaurHauls
[    0.000000] x86/fpu: x87 FPU will use FXSAVE
[    0.000000] e820: BIOS-provided physical RAM map:
[    0.000000] BIOS-e820: [mem 0x0000000000000000-0x000000000009fbff] usable
[    0.000000] BIOS-e820: [mem 0x000000000009fc00-0x000000000009ffff] reserved
[    0.000000] BIOS-e820: [mem 0x00000000000f0000-0x00000000000fffff] reserved
[    0.000000] BIOS-e820: [mem 0x0000000000100000-0x000000007ffeffff] usable
[    0.000000] BIOS-e820: [mem 0x000000007fff0000-0x000000007fffffff] ACPI data
[    0.000000] BIOS-e820: [mem 0x00000000fec00000-0x00000000fec00fff] reserved
[    0.000000] BIOS-e820: [mem 0x00000000fee00000-0x00000000fee00fff] reserved
[    0.000000] BIOS-e820: [mem 0x00000000fffc0000-0x00000000ffffffff] reserved
[    0.000000] NX (Execute Disable) protection: active
[    0.000000] SMBIOS 2.5 present.
[    0.000000] DMI: innotek GmbH VirtualBox/VirtualBox, BIOS VirtualBox 12/01/2006
[    0.000000] Hypervisor detected: KVM
[    0.000000] e820: last_pfn = 0x7fff0 max_arch_pfn = 0x400000000
[    0.000000] MTRR: Disabled
[    0.000000] x86/PAT: MTRRs disabled, skipping PAT initialization too.
[    0.000000] CPU MTRRs all blank - virtualized system.
[    0.000000] x86/PAT: Configuration [0-7]: WB  WT  UC- UC  WB  WT  UC- UC  
[    0.000000] found SMP MP-table at [mem 0x0009fff0-0x0009ffff]
[    0.000000] Scanning 1 areas for low memory corruption
[    0.000000] RAMDISK: [mem 0x359cd000-0x36cddfff]
[    0.000000] ACPI: Early table checksum verification disabled
[    0.000000] ACPI: RSDP 0x00000000000E0000 000024 (v02 VBOX  )
[    0.000000] ACPI: XSDT 0x000000007FFF0030 00003C (v01 VBOX   VBOXXSDT 00000001 ASL  00000061)
[    0.000000] ACPI: FACP 0x000000007FFF00F0 0000F4 (v04 VBOX   VBOXFACP 00000001 ASL  00000061)
[    0.000000] ACPI: DSDT 0x000000007FFF0480 002325 (v02 VBOX   VBOXBIOS 00000002 INTL 20100528)
[    0.000000] ACPI: FACS 0x000000007FFF0200 000040
[    0.000000] ACPI: FACS 0x000000007FFF0200 000040
[    0.000000] ACPI: APIC 0x000000007FFF0240 00006C (v02 VBOX   VBOXAPIC 00000001 ASL  00000061)
[    0.000000] ACPI: SSDT 0x000000007FFF02B0 0001CC (v01 VBOX   VBOXCPUT 00000002 INTL 20100528)
[    0.000000] ACPI: Reserving FACP table memory at [mem 0x7fff00f0-0x7fff01e3]
[    0.000000] ACPI: Reserving DSDT table memory at [mem 0x7fff0480-0x7fff27a4]
[    0.000000] ACPI: Reserving FACS table memory at [mem 0x7fff0200-0x7fff023f]
[    0.000000] ACPI: Reserving FACS table memory at [mem 0x7fff0200-0x7fff023f]
[    0.000000] ACPI: Reserving APIC table memory at [mem 0x7fff0240-0x7fff02ab]
[    0.000000] ACPI: Reserving SSDT table memory at [mem 0x7fff02b0-0x7fff047b]
[    0.000000] No NUMA configuration found
[    0.000000] Faking a node at [mem 0x0000000000000000-0x000000007ffeffff]
[    0.000000] NODE_DATA(0) allocated [mem 0x7ffc5000-0x7ffeffff]
[    0.000000] kvm-clock: cpu 0, msr 0:7ff44001, primary cpu clock
[    0.000000] kvm-clock: Using msrs 4b564d01 and 4b564d00
[    0.000000] kvm-clock: using sched offset of 4894619327 cycles
[    0.000000] clocksource: kvm-clock: mask: 0xffffffffffffffff max_cycles: 0x1cd42e4dffb, max_idle_ns: 881590591483 ns
[    0.000000] Zone ranges:
[    0.000000]   DMA      [mem 0x0000000000001000-0x0000000000ffffff]
[    0.000000]   DMA32    [mem 0x0000000001000000-0x000000007ffeffff]
[    0.000000]   Normal   empty
[    0.000000]   Device   empty
[    0.000000] Movable zone start for each node
[    0.000000] Early memory node ranges
[    0.000000]   node   0: [mem 0x0000000000001000-0x000000000009efff]
[    0.000000]   node   0: [mem 0x0000000000100000-0x000000007ffeffff]
[    0.000000] Reserved but unavailable: 104 pages
[    0.000000] Initmem setup node 0 [mem 0x0000000000001000-0x000000007ffeffff]
[    0.000000] ACPI: PM-Timer IO Port: 0x4008
[    0.000000] IOAPIC[0]: apic_id 4, version 32, address 0xfec00000, GSI 0-23
[    0.000000] ACPI: INT_SRC_OVR (bus 0 bus_irq 0 global_irq 2 dfl dfl)
[    0.000000] ACPI: INT_SRC_OVR (bus 0 bus_irq 9 global_irq 9 low level)
[    0.000000] Using ACPI (MADT) for SMP configuration information
[    0.000000] smpboot: Allowing 4 CPUs, 0 hotplug CPUs
[    0.000000] PM: Registered nosave memory: [mem 0x00000000-0x00000fff]
[    0.000000] PM: Registered nosave memory: [mem 0x0009f000-0x0009ffff]
[    0.000000] PM: Registered nosave memory: [mem 0x000a0000-0x000effff]
[    0.000000] PM: Registered nosave memory: [mem 0x000f0000-0x000fffff]
[    0.000000] e820: [mem 0x80000000-0xfebfffff] available for PCI devices
[    0.000000] Booting paravirtualized kernel on KVM
[    0.000000] clocksource: refined-jiffies: mask: 0xffffffff max_cycles: 0xffffffff, max_idle_ns: 7645519600211568 ns
[    0.000000] random: get_random_bytes called from start_kernel+0x99/0x500 with crng_init=0
[    0.000000] setup_percpu: NR_CPUS:8192 nr_cpumask_bits:4 nr_cpu_ids:4 nr_node_ids:1
[    0.000000] percpu: Embedded 50 pages/cpu s167936 r8192 d28672 u524288
[    0.000000] PV qspinlock hash table entries: 256 (order: 0, 4096 bytes)
[    0.000000] Built 1 zonelists, mobility grouping on.  Total pages: 515961
[    0.000000] Policy zone: DMA32
[    0.000000] Kernel command line: BOOT_IMAGE=/boot/vmlinuz-4.15.0-193-generic root=LABEL=cloudimg-rootfs ro console=tty1 console=ttyS0
[    0.000000] Memory: 2014444K/2096696K available (12300K kernel code, 2484K rwdata, 4324K rodata, 2468K init, 2724K bss, 82252K reserved, 0K cma-reserved)
[    0.000000] SLUB: HWalign=64, Order=0-3, MinObjects=0, CPUs=4, Nodes=1
[    0.000000] Kernel/User page tables isolation: enabled
[    0.000000] ftrace: allocating 39483 entries in 155 pages
[    0.004000] Hierarchical RCU implementation.
[    0.004000] 	RCU restricting CPUs from NR_CPUS=8192 to nr_cpu_ids=4.
[    0.004000] 	Tasks RCU enabled.
[    0.004000] RCU: Adjusting geometry for rcu_fanout_leaf=16, nr_cpu_ids=4
[    0.004000] NR_IRQS: 524544, nr_irqs: 456, preallocated irqs: 16
[    0.004000] Console: colour VGA+ 80x25
[    0.004000] console [tty1] enabled
[    0.004000] console [ttyS0] enabled
[    0.004000] ACPI: Core revision 20170831
[    0.004000] ACPI: 2 ACPI AML tables successfully acquired and loaded
[    0.004000] APIC: Switch to symmetric I/O mode setup
[    0.008000] ..TIMER: vector=0x30 apic1=0 pin1=2 apic2=-1 pin2=-1
[    0.008006] tsc: Detected 2592.000 MHz processor
[    0.012012] Calibrating delay loop (skipped) preset value.. 5184.00 BogoMIPS (lpj=10368000)
[    0.016007] pid_max: default: 32768 minimum: 301
[    0.020107] Security Framework initialized
[    0.024006] Yama: becoming mindful.
[    0.028240] AppArmor: AppArmor initialized
[    0.045390] Dentry cache hash table entries: 262144 (order: 9, 2097152 bytes)
[    0.052392] Inode-cache hash table entries: 131072 (order: 8, 1048576 bytes)
[    0.056152] Mount-cache hash table entries: 4096 (order: 3, 32768 bytes)
[    0.064180] Mountpoint-cache hash table entries: 4096 (order: 3, 32768 bytes)
[    0.072096] Last level iTLB entries: 4KB 64, 2MB 8, 4MB 8
[    0.076003] Last level dTLB entries: 4KB 64, 2MB 0, 4MB 0, 1GB 4
[    0.080004] Spectre V1 : Mitigation: usercopy/swapgs barriers and __user pointer sanitization
[    0.084003] Spectre V2 : Mitigation: Retpolines
[    0.088002] Spectre V2 : Spectre v2 / SpectreRSB mitigation: Filling RSB on context switch
[    0.092003] Speculative Store Bypass: Vulnerable
[    0.096098] MDS: Mitigation: Clear CPU buffers
[    0.100002] MMIO Stale Data: Mitigation: Clear CPU buffers
[    0.104159] Freeing SMP alternatives memory: 36K
[    0.222729] smpboot: CPU0: Intel(R) Core(TM) i7-6700HQ CPU @ 2.60GHz (family: 0x6, model: 0x5e, stepping: 0x3)
[    0.224516] Performance Events: unsupported p6 CPU model 94 no PMU driver, software events only.
[    0.228109] Hierarchical SRCU implementation.
[    0.236255] NMI watchdog: Perf event create on CPU 0 failed with -2
[    0.240002] NMI watchdog: Perf NMI watchdog permanently disabled
[    0.244605] smp: Bringing up secondary CPUs ...
[    0.249305] x86: Booting SMP configuration:
[    0.252003] .... node  #0, CPUs:      #1
[    0.004000] kvm-clock: cpu 1, msr 0:7ff44041, secondary cpu clock
[    0.267464] TSC synchronization [CPU#0 -> CPU#1]:
[    0.268000] Measured 65302 cycles TSC warp between CPUs, turning off TSC clock.
[    0.268000] tsc: Marking TSC unstable due to check_tsc_sync_source failed
[    0.268929]  #2
[    0.004000] kvm-clock: cpu 2, msr 0:7ff44081, secondary cpu clock
[    0.281231]  #3
[    0.004000] kvm-clock: cpu 3, msr 0:7ff440c1, secondary cpu clock
[    0.296299] smp: Brought up 1 node, 4 CPUs
[    0.300003] smpboot: Max logical packages: 1
[    0.304004] smpboot: Total of 4 processors activated (20736.00 BogoMIPS)
[    0.312004] devtmpfs: initialized
[    0.316113] x86/mm: Memory block size: 128MB
[    0.320761] evm: security.selinux
[    0.324003] evm: security.SMACK64
[    0.328002] evm: security.SMACK64EXEC
[    0.332002] evm: security.SMACK64TRANSMUTE
[    0.336002] evm: security.SMACK64MMAP
[    0.340002] evm: security.apparmor
[    0.344002] evm: security.ima
[    0.348002] evm: security.capability
[    0.352629] clocksource: jiffies: mask: 0xffffffff max_cycles: 0xffffffff, max_idle_ns: 7645041785100000 ns
[    0.356015] futex hash table entries: 1024 (order: 4, 65536 bytes)
[    0.360699] pinctrl core: initialized pinctrl subsystem
[    0.364724] RTC time: 19:25:47, date: 10/04/22
[    0.373186] NET: Registered protocol family 16
[    0.376193] audit: initializing netlink subsys (disabled)
[    0.380308] audit: type=2000 audit(1664911552.571:1): state=initialized audit_enabled=0 res=1
[    0.392006] cpuidle: using governor ladder
[    0.396008] cpuidle: using governor menu
[    0.400061] ACPI: bus type PCI registered
[    0.404003] acpiphp: ACPI Hot Plug PCI Controller Driver version: 0.5
[    0.408854] PCI: Using configuration type 1 for base access
[    0.420455] HugeTLB registered 2.00 MiB page size, pre-allocated 0 pages
[    0.432359] ACPI: Added _OSI(Module Device)
[    0.436003] ACPI: Added _OSI(Processor Device)
[    0.440003] ACPI: Added _OSI(3.0 _SCP Extensions)
[    0.444003] ACPI: Added _OSI(Processor Aggregator Device)
[    0.448004] ACPI: Added _OSI(Linux-Dell-Video)
[    0.452003] ACPI: Added _OSI(Linux-Lenovo-NV-HDMI-Audio)
[    0.456003] ACPI: Added _OSI(Linux-HPI-Hybrid-Graphics)
[    0.464239] ACPI: Executed 1 blocks of module-level executable AML code
[    0.475555] ACPI: Interpreter enabled
[    0.476023] ACPI: (supports S0 S5)
[    0.480004] ACPI: Using IOAPIC for interrupt routing
[    0.484511] PCI: Using host bridge windows from ACPI; if necessary, use "pci=nocrs" and report a bug
[    0.488341] ACPI: Enabled 2 GPEs in block 00 to 07
[    0.508212] ACPI: PCI Root Bridge [PCI0] (domain 0000 [bus 00-ff])
[    0.512009] acpi PNP0A03:00: _OSC: OS supports [ASPM ClockPM Segments MSI]
[    0.517026] acpi PNP0A03:00: _OSC: not requesting OS control; OS requires [ExtendedConfig ASPM ClockPM MSI]
[    0.520013] acpi PNP0A03:00: fail to add MMCONFIG information, can't access extended PCI configuration space under this bridge.
[    0.528994] PCI host bridge to bus 0000:00
[    0.532004] pci_bus 0000:00: root bus resource [io  0x0000-0x0cf7 window]
[    0.536005] pci_bus 0000:00: root bus resource [io  0x0d00-0xffff window]
[    0.540006] pci_bus 0000:00: root bus resource [mem 0x000a0000-0x000bffff window]
[    0.544005] pci_bus 0000:00: root bus resource [mem 0x80000000-0xfdffffff window]
[    0.548006] pci_bus 0000:00: root bus resource [bus 00-ff]
[    0.564578] pci 0000:00:01.1: legacy IDE quirk: reg 0x10: [io  0x01f0-0x01f7]
[    0.568003] pci 0000:00:01.1: legacy IDE quirk: reg 0x14: [io  0x03f6]
[    0.572006] pci 0000:00:01.1: legacy IDE quirk: reg 0x18: [io  0x0170-0x0177]
[    0.576005] pci 0000:00:01.1: legacy IDE quirk: reg 0x1c: [io  0x0376]
[    0.616982] pci 0000:00:07.0: quirk: [io  0x4000-0x403f] claimed by PIIX4 ACPI
[    0.620065] pci 0000:00:07.0: quirk: [io  0x4100-0x410f] claimed by PIIX4 SMB
[    0.640715] ACPI: PCI Interrupt Link [LNKA] (IRQs 5 9 10 *11)
[    0.644776] ACPI: PCI Interrupt Link [LNKB] (IRQs 5 9 *10 11)
[    0.648272] ACPI: PCI Interrupt Link [LNKC] (IRQs 5 *9 10 11)
[    0.652264] ACPI: PCI Interrupt Link [LNKD] (IRQs 5 9 10 *11)
[    0.660053] SCSI subsystem initialized
[    0.664276] pci 0000:00:02.0: vgaarb: setting as boot VGA device
[    0.668000] pci 0000:00:02.0: vgaarb: VGA device added: decodes=io+mem,owns=io+mem,locks=none
[    0.668026] pci 0000:00:02.0: vgaarb: bridge control possible
[    0.672023] vgaarb: loaded
[    0.676014] ACPI: bus type USB registered
[    0.680019] usbcore: registered new interface driver usbfs
[    0.684015] usbcore: registered new interface driver hub
[    0.688044] usbcore: registered new device driver usb
[    0.696466] EDAC MC: Ver: 3.0.0
[    0.704533] PCI: Using ACPI for IRQ routing
[    0.713023] NetLabel: Initializing
[    0.716004] NetLabel:  domain hash size = 128
[    0.720002] NetLabel:  protocols = UNLABELED CIPSOv4 CALIPSO
[    0.724241] NetLabel:  unlabeled traffic allowed by default
[    0.732836] clocksource: Switched to clocksource kvm-clock
[    0.797690] VFS: Disk quotas dquot_6.6.0
[    0.797690] VFS: Dquot-cache hash table entries: 512 (order 0, 4096 bytes)
[    0.797690] AppArmor: AppArmor Filesystem Enabled
[    0.826706] pnp: PnP ACPI init
[    0.830593] pnp: PnP ACPI: found 3 devices
[    0.899859] clocksource: acpi_pm: mask: 0xffffff max_cycles: 0xffffff, max_idle_ns: 2085701024 ns
[    0.900620] NET: Registered protocol family 2
[    0.900620] IP idents hash table entries: 32768 (order: 6, 262144 bytes)
[    0.900620] TCP established hash table entries: 16384 (order: 5, 131072 bytes)
[    0.936805] TCP bind hash table entries: 16384 (order: 6, 262144 bytes)
[    0.946322] TCP: Hash tables configured (established 16384 bind 16384)
[    0.949198] UDP hash table entries: 1024 (order: 3, 32768 bytes)
[    0.949198] UDP-Lite hash table entries: 1024 (order: 3, 32768 bytes)
[    0.949198] NET: Registered protocol family 1
[    0.949198] pci 0000:00:00.0: Limiting direct PCI/PCI transfers
[    0.949198] pci 0000:00:01.0: Activating ISA DMA hang workarounds
[    0.949198] pci 0000:00:02.0: Video device with shadowed ROM at [mem 0x000c0000-0x000dffff]
[    0.949198] Unpacking initramfs...
[    1.474642] Freeing initrd memory: 19524K
[    1.474642] clocksource: tsc: mask: 0xffffffffffffffff max_cycles: 0x255cb6cc5db, max_idle_ns: 440795203504 ns
[    1.474642] platform rtc_cmos: registered platform RTC device (no PNP device found)
[    1.474642] Scanning for low memory corruption every 60 seconds
[    1.570585] Initialise system trusted keyrings
[    1.577435] Key type blacklist registered
[    1.585057] workingset: timestamp_bits=36 max_order=19 bucket_order=0
[    1.596976] zbud: loaded
[    1.604616] squashfs: version 4.0 (2009/01/31) Phillip Lougher
[    1.614796] fuse init (API version 7.26)
[    1.657427] Key type asymmetric registered
[    1.661417] Asymmetric key parser 'x509' registered
[    1.661417] Block layer SCSI generic (bsg) driver version 0.4 loaded (major 246)
[    1.680473] io scheduler noop registered
[    1.684332] io scheduler deadline registered
[    1.684332] io scheduler cfq registered (default)
[    1.706665] ACPI: AC Adapter [AC] (on-line)
[    1.712702] input: Power Button as /devices/LNXSYSTM:00/LNXPWRBN:00/input/input0
[    1.723887] ACPI: Power Button [PWRF]
[    1.730019] input: Sleep Button as /devices/LNXSYSTM:00/LNXSLPBN:00/input/input1
[    1.740217] ACPI: Sleep Button [SLPF]
[    1.749021] Serial: 8250/16550 driver, 32 ports, IRQ sharing enabled
[    1.751145] ACPI: Battery Slot [BAT0] (battery present)
[    1.793582] 00:02: ttyS0 at I/O 0x3f8 (irq = 4, base_baud = 115200) is a 16550A
[    1.830016] Linux agpgart interface v0.103
[    1.850811] loop: module loaded
[    1.861156] scsi host0: ata_piix
[    1.870327] scsi host1: ata_piix
[    1.874121] ata1: PATA max UDMA/33 cmd 0x1f0 ctl 0x3f6 bmdma 0xd000 irq 14
[    1.874121] ata2: PATA max UDMA/33 cmd 0x170 ctl 0x376 bmdma 0xd008 irq 15
[    1.897173] tun: Universal TUN/TAP device driver, 1.6
[    1.910503] PPP generic driver version 2.4.2
[    1.919974] ehci_hcd: USB 2.0 'Enhanced' Host Controller (EHCI) Driver
[    1.930436] ehci-pci: EHCI PCI platform driver
[    1.938749] ehci-platform: EHCI generic platform driver
[    1.947642] ohci_hcd: USB 1.1 'Open' Host Controller (OHCI) Driver
[    1.957702] ohci-pci: OHCI PCI platform driver
[    1.966027] ohci-platform: OHCI generic platform driver
[    1.973741] uhci_hcd: USB Universal Host Controller Interface driver
[    1.984333] i8042: PNP: PS/2 Controller [PNP0303:PS2K,PNP0f03:PS2M] at 0x60,0x64 irq 1,12
[    2.002195] serio: i8042 KBD port at 0x60,0x64 irq 1
[    2.010027] serio: i8042 AUX port at 0x60,0x64 irq 12
[    2.018925] mousedev: PS/2 mouse device common for all mice
[    2.032287] rtc_cmos rtc_cmos: rtc core: registered rtc_cmos as rtc0
[    2.042315] rtc_cmos rtc_cmos: alarms up to one day, 114 bytes nvram
[    2.052226] i2c /dev entries driver
[    2.053035] input: AT Translated Set 2 keyboard as /devices/platform/i8042/serio0/input/input2
[    2.057664] device-mapper: uevent: version 1.0.3
[    2.077733] device-mapper: ioctl: 4.37.0-ioctl (2017-09-20) initialised: dm-devel@redhat.com
[    2.146904] ledtrig-cpu: registered to indicate activity on CPUs
[    2.160340] NET: Registered protocol family 10
[    2.185165] Segment Routing with IPv6
[    2.193017] NET: Registered protocol family 17
[    2.199585] Key type dns_resolver registered
[    2.213184] mce: Using 0 MCE banks
[    2.217940] RAS: Correctable Errors collector initialized.
[    2.224915] sched_clock: Marking stable (2224843770, 0)->(3557665481, -1332821711)
[    2.247937] registered taskstats version 1
[    2.256650] Loading compiled-in X.509 certificates
[    2.270203] Loaded X.509 cert 'Build time autogenerated kernel key: b9e621348ccbcfe28d0c51e4c3b595dc856bdd44'
[    2.283352] Loaded X.509 cert 'Canonical Ltd. Live Patch Signing: 14df34d1a87cf37625abec039ef2bf521249b969'
[    2.337199] Loaded X.509 cert 'Canonical Ltd. Kernel Module Signing: 88f752e560a1e0737e31163a466ad7b70a850c19'
[    2.352723] blacklist: Loading compiled-in revocation X.509 certificates
[    2.362830] Loaded X.509 cert 'Canonical Ltd. Secure Boot Signing: 61482aa2830d0ab2ad5af10b7250da9033ddcef0'
[    2.377487] zswap: loaded using pool lzo/zbud
[    2.397896] Key type big_key registered
[    2.403455] Key type trusted registered
[    2.412792] Key type encrypted registered
[    2.418493] AppArmor: AppArmor sha1 policy hashing enabled
[    2.425398] ima: No TPM chip found, activating TPM-bypass! (rc=-19)
[    2.433114] ima: Allocated hash algorithm: sha1
[    2.439279] evm: HMAC attrs: 0x1
[    2.444176]   Magic number: 10:714:444
[    2.453394] rtc_cmos rtc_cmos: setting system clock to 2022-10-04 19:25:49 UTC (1664911549)
[    2.465149] BIOS EDD facility v0.16 2004-Jun-25, 0 devices found
[    2.473199] EDD information not available.
[    2.485034] Freeing unused kernel image memory: 2468K
[    2.513108] Write protecting the kernel read-only data: 20480k
[    2.523058] Freeing unused kernel image memory: 2008K
[    2.530475] Freeing unused kernel image memory: 1820K
[    2.544090] x86/mm: Checked W+X mappings: passed, no W+X pages found.
[    2.552619] x86/mm: Checking user space page tables
[    2.565178] x86/mm: Checked W+X mappings: passed, no W+X pages found.
Loading, please wait...
starting version 237
[    2.684426] e1000: Intel(R) PRO/1000 Network Driver - version 7.3.21-k8-NAPI
[    2.693976] e1000: Copyright (c) 1999-2006 Intel Corporation.
[    2.717692] Fusion MPT base driver 3.04.20
[    2.726824] Copyright (c) 1999-2008 LSI Corporation
[    2.755470] Fusion MPT SPI Host driver 3.04.20
[    3.032053] input: ImExPS/2 Generic Explorer Mouse as /devices/platform/i8042/serio1/input/input4
[    3.529401] e1000 0000:00:03.0 eth0: (PCI:33MHz:32-bit) 02:b5:08:cf:fa:6e
[    3.538628] e1000 0000:00:03.0 eth0: Intel(R) PRO/1000 Network Connection
[    4.529913] e1000 0000:00:08.0 eth1: (PCI:33MHz:32-bit) 08:00:27:15:8a:12
[    4.538994] e1000 0000:00:08.0 eth1: Intel(R) PRO/1000 Network Connection
[    4.560899] e1000 0000:00:08.0 enp0s8: renamed from eth1
[    4.576294] mptbase: ioc0: Initiating bringup
[    4.597472] e1000 0000:00:03.0 enp0s3: renamed from eth0
[    4.702493] ioc0: LSI53C1030 A0: Capabilities={Initiator}
[    5.517916] scsi host2: ioc0: LSI53C1030 A0, FwRev=00000000h, Ports=1, MaxQ=256, IRQ=20
[    5.936415] scsi 2:0:0:0: Direct-Access     VBOX     HARDDISK         1.0  PQ: 0 ANSI: 5
[    6.000835] scsi target2:0:0: Beginning Domain Validation
[    6.020819] scsi target2:0:0: Domain Validation skipping write tests
[    6.029462] scsi target2:0:0: Ending Domain Validation
[    6.037468] scsi target2:0:0: asynchronous
[    6.044585] random: fast init done
[    6.051570] scsi 2:0:1:0: Direct-Access     VBOX     HARDDISK         1.0  PQ: 0 ANSI: 5
[    6.092481] scsi target2:0:1: Beginning Domain Validation
[    6.111112] scsi target2:0:1: Domain Validation skipping write tests
[    6.119927] scsi target2:0:1: Ending Domain Validation
[    6.128780] scsi target2:0:1: asynchronous
[    6.153878] random: systemd-udevd: uninitialized urandom read (16 bytes read)
[    6.156309] sd 2:0:0:0: [sda] 83886080 512-byte logical blocks: (42.9 GB/40.0 GiB)
[    6.164337] random: systemd-udevd: uninitialized urandom read (16 bytes read)
[    6.164498] sd 2:0:0:0: Attached scsi generic sg0 type 0
[    6.174371] sd 2:0:0:0: [sda] Write Protect is off
[    6.185312] random: systemd-udevd: uninitialized urandom read (16 bytes read)
[    6.202124] sd 2:0:1:0: Attached scsi generic sg1 type 0
[    6.212842] sd 2:0:0:0: [sda] Incomplete mode parameter data
[    6.219471] sd 2:0:1:0: [sdb] 20480 512-byte logical blocks: (10.5 MB/10.0 MiB)
[    6.226928] sd 2:0:0:0: [sda] Assuming drive cache: write through
[    6.248077] sd 2:0:1:0: [sdb] Write Protect is off
[    6.249462]  sda: sda1
[    6.260511] sd 2:0:1:0: [sdb] Incomplete mode parameter data
[    6.264819] sd 2:0:0:0: [sda] Attached SCSI disk
[    6.269726] sd 2:0:1:0: [sdb] Assuming drive cache: write through
[    6.304517] sd 2:0:1:0: [sdb] Attached SCSI disk
Begin: Loading essential drivers ... [    9.109001] raid6: sse2x1   gen()  7730 MB/s
[    9.160278] raid6: sse2x1   xor()  5397 MB/s
[    9.216987] raid6: sse2x2   gen() 11561 MB/s
[    9.272513] raid6: sse2x2   xor()  7719 MB/s
[    9.324591] raid6: sse2x4   gen() 13693 MB/s
[    9.378368] raid6: sse2x4   xor()  8154 MB/s
[    9.385158] raid6: using algorithm sse2x4 gen() 13693 MB/s
[    9.393063] raid6: .... xor() 8154 MB/s, rmw enabled
[    9.400706] raid6: using ssse3x2 recovery algorithm
[    9.417100] xor: measuring software checksum speed
[    9.464356]    prefetch64-sse: 15747.000 MB/sec
[    9.518486]    generic_sse: 14895.000 MB/sec
[    9.525194] xor: using function: prefetch64-sse (15747.000 MB/sec)
[    9.545552] async_tx: api initialized (async)
done.
Begin: Running /scripts/init-premount ... done.
Begin: Mounting root file system ... Begin: Running /scripts/local-top ... done.
Begin: Running /scripts/local-premount ... [    9.690667] Btrfs loaded, crc32c=crc32c-intel
Scanning for Btrfs filesystems
done.
Warning: fsck not present, so skipping root file system
[    9.792388] EXT4-fs (sda1): mounted filesystem with ordered data mode. Opts: (null)
done.
Begin: Running /scripts/local-bottom ... done.
Begin: Running /scripts/init-bottom ... done.
[   10.292012] ip_tables: (C) 2000-2006 Netfilter Core Team
[   10.328952] systemd[1]: systemd 237 running in system mode. (+PAM +AUDIT +SELINUX +IMA +APPARMOR +SMACK +SYSVINIT +UTMP +LIBCRYPTSETUP +GCRYPT +GNUTLS +ACL +XZ +LZ4 +SECCOMP +BLKID +ELFUTILS +KMOD -IDN2 +IDN -PCRE2 default-hierarchy=hybrid)
[   10.355230] systemd[1]: Detected virtualization oracle.
[   10.362678] systemd[1]: Detected architecture x86-64.

Welcome to [1mUbuntu 18.04.6 LTS[0m!

[   10.488864] systemd[1]: Set hostname to <ubuntu>.
[   10.508772] systemd[1]: Initializing machine ID from random generator.
[   10.517545] systemd[1]: Installed transient /etc/machine-id file.
[   11.307108] systemd[1]: Created slice User and Session Slice.
[[0;32m  OK  [0m] Created slice User and Session Slice.
[   11.322352] systemd[1]: Reached target Swap.
[[0;32m  OK  [0m] Reached target Swap.
[   11.333900] systemd[1]: Reached target System Time Synchronized.
[[0;32m  OK  [0m] Reached target System Time Synchronized.
[   11.349007] systemd[1]: Created slice System Slice.
[[0;32m  OK  [0m] Created slice System Slice.
[[0;32m  OK  [0m] Listening on Network Service Netlink Socket.
[[0;32m  OK  [0m] Listening on LVM2 metadata daemon socket.
[[0;32m  OK  [0m] Listening on Device-mapper event daemon FIFOs.
[[0;32m  OK  [0m] Created slice system-serial\x2dgetty.slice.
[[0;32m  OK  [0m] Listening on /dev/initctl Compatibility Named Pipe.
[[0;32m  OK  [0m] Listening on udev Control Socket.
[[0;32m  OK  [0m] Reached target Slices.
[[0;32m  OK  [0m] Listening on Syslog Socket.
[[0;32m  OK  [0m] Listening on LVM2 poll daemon socket.
[[0;32m  OK  [0m] Listening on fsck to fsckd communication Socket.
[[0;32m  OK  [0m] Listening on Journal Audit Socket.
[[0;32m  OK  [0m] Listening on Journal Socket (/dev/log).
[[0;32m  OK  [0m] Listening on udev Kernel Socket.
[[0;32m  OK  [0m] Started Forward Password Requests to Wall Directory Watch.
[[0;32m  OK  [0m] Listening on Journal Socket.
         Starting File System Check on Root Device...
         Mounting POSIX Message Queue File System...
         Starting Monitoring of LVM2 mirrors…ng dmeventd or progress polling...
         Starting Create list of required st…ce nodes for the current kernel...
         Starting Set the console keyboard layout...
         Mounting Huge Pages File System...
         Starting Load Kernel Modules...
[[0;32m  OK  [0m] Set up automount Arbitrary Executab…rmats File System Automount Point.
[   11.890583] Loading iSCSI transport class v2.0-870.
         Starting Uncomplicated firewall...
         Starting Journal Service...
[[0;32m  OK  [0m] Reached target User and Group Name Lookups.
         Mounting Kernel Debug File System...
         Starting udev Coldplug all Devices...
[[0;32m  OK  [0m] Started File System Check on Root Device.
[[0;32m  OK  [0m] Mounted POSIX Message Queue File System.
[[0;32m  OK  [0m] Started Create list of required sta…vice nodes for the current kernel.
[[0;32m  OK  [0m] Mounted Huge Pages File System.
[[0;32m  OK  [0m] Started Uncomplicated firewall.
[[0;32m  OK  [0m] Mounted Kernel Debug File System.
[   12.041021] iscsi: registered transport (tcp)
[[0;32m  OK  [0m] Started LVM2 metadata daemon.
[[0;32m  OK  [0m] Started File System Check Daemon to report status.
         Starting Create Static Device Nodes in /dev...
         Starting Remount Root and Kernel File Systems...
[[0;32m  OK  [0m] Started Journal Service.
[[0;32m  OK  [0m] Started udev Coldplug all Devices.
[   12.221131] EXT4-fs (sda1): re-mounted. Opts: (null)
[[0;32m  OK  [0m] Started Remount Root and Kernel File Systems.
[[0;32m  OK  [0m] Started Create Static Device Nodes in /dev.
[   12.263632] random: crng init done
[   12.272565] random: 7 urandom warning(s) missed due to ratelimiting
         Starting udev Kernel Device Manager...
         Starting Flush Journal to Persistent Storage...
         Starting Load/Save Random Seed...
[[0;32m  OK  [0m] Started Monitoring of LVM2 mirrors,…sing dmeventd or progress polling.
[[0;32m  OK  [0m] Started Load/Save Random Seed.
[   12.406173] systemd-journald[422]: Received request to flush runtime journal from PID 1
[[0;32m  OK  [0m] Started udev Kernel Device Manager.
[   12.570537] iscsi: registered transport (iser)
[[0;32m  OK  [0m] Started Load Kernel Modules.
[[0;32m  OK  [0m] Started Flush Journal to Persistent Storage.
         Starting Apply Kernel Variables...
         Mounting FUSE Control File System...
         Mounting Kernel Configuration File System...
[[0;32m  OK  [0m] Mounted FUSE Control File System.
[[0;32m  OK  [0m] Mounted Kernel Configuration File System.
[[0;32m  OK  [0m] Started Apply Kernel Variables.
[[0;32m  OK  [0m] Found device /dev/ttyS0.
[[0;32m  OK  [0m] Listening on Load/Save RF Kill Switch Status /dev/rfkill Watch.
[[0;32m  OK  [0m] Started Set the console keyboard layout.
[[0;32m  OK  [0m] Started Dispatch Password Requests to Console Directory Watch.
[[0;32m  OK  [0m] Reached target Local Encrypted Volumes.
[[0;32m  OK  [0m] Reached target Local File Systems (Pre).
[[0;32m  OK  [0m] Reached target Local File Systems.
         Starting Set console font and keymap...
         Starting Tell Plymouth To Write Out Runtime Data...
         Starting ebtables ruleset management...
         Starting Commit a transient machine-id on disk...
         Starting Create Volatile Files and Directories...
         Starting AppArmor initialization...
[[0;32m  OK  [0m] Started Set console font and keymap.
[[0;32m  OK  [0m] Started Tell Plymouth To Write Out Runtime Data.
[[0;32m  OK  [0m] Started Create Volatile Files and Directories.
         Starting Update UTMP about System Boot/Shutdown...
[[0;32m  OK  [0m] Started Update UTMP about System Boot/Shutdown.
[[0;32m  OK  [0m] Started Commit a transient machine-id on disk.
[[0;32m  OK  [0m] Started ebtables ruleset management.
[[0;32m  OK  [0m] Started AppArmor initialization.
         Starting Load AppArmor profiles managed internally by snapd...
         Starting Initial cloud-init job (pre-networking)...
[[0;32m  OK  [0m] Started Load AppArmor profiles managed internally by snapd.
[   17.414970] cloud-init[622]: Cloud-init v. 22.2-0ubuntu1~18.04.3 running 'init-local' at Tue, 04 Oct 2022 19:26:03 +0000. Up 16.32 seconds.
[[0;32m  OK  [0m] Started Initial cloud-init job (pre-networking).
[[0;32m  OK  [0m] Reached target Network (Pre).
         Starting Network Service...
[[0;32m  OK  [0m] Started Network Service.
         Starting Network Name Resolution...
         Starting Wait for Network to be Configured...
[[0;32m  OK  [0m] Started Network Name Resolution.
[[0;32m  OK  [0m] Reached target Host and Network Name Lookups.
[[0;32m  OK  [0m] Reached target Network.
[[0;32m  OK  [0m] Started Wait for Network to be Configured.
         Starting Initial cloud-init job (metadata service crawler)...
[   20.374502] cloud-init[731]: Cloud-init v. 22.2-0ubuntu1~18.04.3 running 'init' at Tue, 04 Oct 2022 19:26:07 +0000. Up 20.17 seconds.
[   20.381746] cloud-init[731]: ci-info: ++++++++++++++++++++++++++++++++++++++Net device info++++++++++++++++++++++++++++++++++++++
[   20.389228] cloud-init[731]: ci-info: +--------+-------+---------------------------+---------------+--------+-------------------+
[   20.395960] cloud-init[731]: ci-info: | Device |   Up  |          Address          |      Mask     | Scope  |     Hw-Address    |
[   20.402469] cloud-init[731]: ci-info: +--------+-------+---------------------------+---------------+--------+-------------------+
[   20.410936] cloud-init[731]: ci-info: | enp0s3 |  True |         10.0.2.15         | 255.255.255.0 | global | 02:b5:08:cf:fa:6e |
[   20.417281] cloud-init[731]: ci-info: | enp0s3 |  True | fe80::b5:8ff:fecf:fa6e/64 |       .       |  link  | 02:b5:08:cf:fa:6e |
[   20.424305] cloud-init[731]: ci-info: | enp0s8 | False |             .             |       .       |   .    | 08:00:27:15:8a:12 |
[   20.441247] cloud-init[731]: ci-info: |   lo   |  True |         127.0.0.1         |   255.0.0.0   |  host  |         .         |
[   20.448743] cloud-init[731]: ci-info: |   lo   |  True |          ::1/128          |       .       |  host  |         .         |
[   20.459656] cloud-init[731]: ci-info: +--------+-------+---------------------------+---------------+--------+-------------------+
[   20.465872] cloud-init[731]: ci-info: ++++++++++++++++++++++++++++Route IPv4 info+++++++++++++++++++++++++++++
[   20.470782] cloud-init[731]: ci-info: +-------+-------------+----------+-----------------+-----------+-------+
[   20.476540] cloud-init[731]: ci-info: | Route | Destination | Gateway  |     Genmask     | Interface | Flags |
[   20.481154] cloud-init[731]: ci-info: +-------+-------------+----------+-----------------+-----------+-------+
[   20.485657] cloud-init[731]: ci-info: |   0   |   0.0.0.0   | 10.0.2.2 |     0.0.0.0     |   enp0s3  |   UG  |
[   20.490880] cloud-init[731]: ci-info: |   1   |   10.0.2.0  | 0.0.0.0  |  255.255.255.0  |   enp0s3  |   U   |
[   20.496455] cloud-init[731]: ci-info: |   2   |   10.0.2.2  | 0.0.0.0  | 255.255.255.255 |   enp0s3  |   UH  |
[   20.501254] cloud-init[731]: ci-info: +-------+-------------+----------+-----------------+-----------+-------+
[   20.506145] cloud-init[731]: ci-info: +++++++++++++++++++Route IPv6 info+++++++++++++++++++
[   20.511381] cloud-init[731]: ci-info: +-------+-------------+---------+-----------+-------+
[   20.517544] cloud-init[731]: ci-info: | Route | Destination | Gateway | Interface | Flags |
[   20.526841] cloud-init[731]: ci-info: +-------+-------------+---------+-----------+-------+
[   20.535830] cloud-init[731]: ci-info: |   1   |  fe80::/64  |    ::   |   enp0s3  |   U   |
[   20.540537] cloud-init[731]: ci-info: |   3   |    local    |    ::   |   enp0s3  |   U   |
[   20.544445] cloud-init[731]: ci-info: |   4   |   ff00::/8  |    ::   |   enp0s3  |   U   |
[   20.547976] cloud-init[731]: ci-info: +-------+-------------+---------+-----------+-------+
[   23.158639] cloud-init[731]: Generating public/private rsa key pair.
[   23.163782] cloud-init[731]: Your identification has been saved in /etc/ssh/ssh_host_rsa_key.
[   23.168873] cloud-init[731]: Your public key has been saved in /etc/ssh/ssh_host_rsa_key.pub.
[   23.176596] cloud-init[731]: The key fingerprint is:
[   23.179220] cloud-init[731]: SHA256:IVV6rQK5viUw/fCL+BxJ1HXcfqc2tLhWxGz01MmWawE root@ubuntu-bionic
[   23.183861] cloud-init[731]: The key's randomart image is:
[   23.186933] cloud-init[731]: +---[RSA 2048]----+
[   23.189739] cloud-init[731]: |        ..o..Eo +|
[   23.198405] cloud-init[731]: |       + o o. o*o|
[   23.201134] cloud-init[731]: |      = + . .=.oo|
[   23.203705] cloud-init[731]: |     o + o .  Bo+|
[   23.206485] cloud-init[731]: |    o = S .  =.+.|
[   23.209272] cloud-init[731]: |     = = .  . *  |
[   23.211848] cloud-init[731]: |      = +    + . |
[   23.214759] cloud-init[731]: |     o * .  o    |
[   23.217755] cloud-init[731]: |    ..= .  .     |
[   23.220645] cloud-init[731]: +----[SHA256]-----+
[   23.223471] cloud-init[731]: Generating public/private dsa key pair.
[   23.227004] cloud-init[731]: Your identification has been saved in /etc/ssh/ssh_host_dsa_key.
[   23.231737] [cloud-init[0;32m  OK  [0m[731]: ] Your public key has been saved in /etc/ssh/ssh_host_dsa_key.pub.Started Initial cloud-init job (metadata service crawler).

[[0;32m  OK  [0m] Reached target Cloud-config availability.
[   23.242921] cloud-init[731]: The key fingerprint is:
[   23.247810] [cloud-init[0;32m  OK  [0m[731]: ] SHA256:3C5oLWKH3bhSaJPjmN08q/+2m17/XPCrnbuWWo01hXs root@ubuntu-bionicReached target Network is Online.

         Starting Availability of block devices...
[   23.260835] cloud-init[731]: The key's randomart image is:
[   23.267072] cloud-init[731]: +---[DSA 1024]----+
[[0;32m  OK  [0m] Reached target Remote File Systems (Pre).
[[   23.267217] [0;32m  OK  [0mcloud-init] [731]: Reached target Remote File Systems.|                 |

[[0;32m  OK  [0m] Reached target System Initialization.
[   23.280389] cloud-init[731]: |               . |
[   23.284733] cloud-init[731]: |              . .|
[[0;32m  OK  [0m] Started Daily apt download activities.
[   23.284923] cloud-init[731]: |       . .     ..|
[[0;32m  OK  [0m] Started Discard unused blocks once a week.
[   23.296610] [cloud-init[0;32m  OK  [0m[731]: ] |     o  S .   o.E|Listening on cloud-init hotplug hook socket.

[   23.301517] cloud-init[731]: |    *o.= .     *o|
[[0;32m  OK  [0m] Listening on UUID daemon activation socket.
[   23.301650] cloud-init[731]: |   *+*B + o   ..=|
[   23.309040] cloud-init[731]: |  o.+++o.+ . .o+o|
[   23.311629] cloud-init[731]: |    .++**o  .+**o|
[[0;32m  OK  [0m] Started ACPI Events Check.
[   23.311763] cloud-init[731]: +----[SHA256]-----+
[   23.321902] cloud-init[731]: Generating public/private ecdsa key pair.
[[0;32m  OK  [0m] Started Message of the Day.
[[   23.322084] [0;32m  OK  [0mcloud-init] [731]: Reached target Paths.Your identification has been saved in /etc/ssh/ssh_host_ecdsa_key.

[   23.336076] [cloud-init[0;32m  OK  [0m[731]: ] Your public key has been saved in /etc/ssh/ssh_host_ecdsa_key.pub.Listening on Open-iSCSI iscsid Socket.

[   23.343546] cloud-init[731]: The key fingerprint is:
         Starting LXD - unix socket.
[   23.347161] cloud-init[731]: SHA256:w7z/Dj5I/0leLaCFzYzy0QwunJfHHPEUhIGgAtydSog root@ubuntu-bionic
[   23.355970] [cloud-init[0;32m  OK  [0m[731]: ] The key's randomart image is:Started Daily Cleanup of Temporary Directories.

[   23.361376] [cloud-init[0;32m  OK  [0m[731]: ] +---[ECDSA 256]---+Listening on D-Bus System Message Bus Socket.

[   23.365977] cloud-init[731]: | o.o . ... .o++. |
[[0;32m  OK  [0m] Started Ubuntu Advantage Timer for running repeated jobs.
[   23.366081] cloud-init[731]: |E o.o o.  . .+   |
         Starting Socket activation for snappy daemon.
[   23.377894] cloud-init[731]: |   ....   . . .  |
[[0;32m  OK  [0m] Listening on ACPID Listen Socket.
[[0;32m  OK  [0m] Started Daily apt upgrade and clean activities.
[[0;32m  OK  [0m] Reached target Timers.
[   23.394928] cloud-init[731]: |    .. + o & .   |
[   23.407935] [cloud-init[731]: [0;32m  OK  [0m|        S B %    |] 
Started Availability of block devices.
[   23.414994] [cloud-init[0;32m  OK  [0m[731]: ] |        .B = . . |Listening on LXD - unix socket.

[   23.419237] cloud-init[731]: |       ..o+ . o .|
[[0;32m  OK  [0m] Listening on Socket activation for snappy daemon.
[   23.419335] cloud-init[731]: |        .oo+ o . |
[[0;32m  OK  [0m] Reached target Sockets.
[[0;32m  OK  [0m] Reached target Basic System.
[   23.424842] cloud-init[731]: |          o=*    |
[[0;32m  OK  [0m] Started irqbalance daemon.
[   23.434615] cloud-init[731]: +----[SHA256]-----+
         Starting System Logging Service...
[   23.447161]          Starting Permit User Sessions...
cloud-init[731]: Generating public/private ed25519 key pair.
[   23.477451]          cloud-init[731]: Starting Login Service...
Your identification has been saved in /etc/ssh/ssh_host_ed25519_key.         Starting Accounts Service...
[[0;32m  OK  [0m] Started FUSE filesystem for LXC.

[[0;32m  OK  [0m] Started D-Bus System Message Bus.
[   23.518476] cloud-init[731]: Your public key has been saved in /etc/ssh/ssh_host_ed25519_key.pub.
[   23.537810] cloud-init[731]: The key fingerprint is:
[   23.548605] cloud-init[731]: SHA256:zgIsM5PXaycSbhBbOY+mKgI9RFVipPUhAmmIPxT3/9c root@ubuntu-bionic
[   23.560963] cloud-init[731]: The key's randomart image is:
[   23.567406] cloud-init[731]: +--[ED25519 256]--+
[   23.579773] cloud-init[731]: |+oo+O.o          |
[   23.586326] cloud-init[731]: |+.o* * .         |
[   23.597089] cloud-init[731]: |.+o + o          |
[   23.606455] cloud-init[731]: |  +* = .         |
[   23.616486] cloud-init[731]: | oO.B o S        |
[   23.622865] cloud-init[731]: |. o@ o + .   .   |
[   23.637594] cloud-init[731]: |. ..+ = + . . E  |
[   23.645323] cloud-init[731]: |o. . o +   .     |
[   23.665386] cloud-init[731]: |+                |
[   23.685940] cloud-init[731]: +----[SHA256]-----+
[[0;32m  OK  [0m] Started Regular background program processing daemon.
         Starting Virtualbox guest utils...
         Starting Pollinate to seed the pseudo random number generator...
         Starting LSB: Record successful boot for GRUB...
[[0;32m  OK  [0m] Started Deferred execution scheduler.
         Starting Snap Daemon...
         Starting Dispatcher daemon for systemd-networkd...
         Starting LSB: automatic crash report generation...
         Starting LXD - container startup/shutdown...
[[0;32m  OK  [0m] Started System Logging Service.
[[0;32m  OK  [0m] Started Permit User Sessions.
[[0;32m  OK  [0m] Started Login Service.
         Starting Authorization Manager...
[[0;32m  OK  [0m] Started Unattended Upgrades Shutdown.
         Starting Hold until boot process finishes up...
         Starting Terminate Plymouth Boot Screen...
[[0;32m  OK  [0m] Started Hold until boot process finishes up.
[[0;32m  OK  [0m] Started Terminate Plymouth Boot Screen.
[[0;32m  OK  [0m] Started Serial Getty on ttyS0.
         Starting Set console scheme...
[[0;32m  OK  [0m] Started Set console scheme.
[[0;32m  OK  [0m] Created slice system-getty.slice.
[[0;32m  OK  [0m] Started Getty on tty1.
[[0;32m  OK  [0m] Reached target Login Prompts.
[[0;32m  OK  [0m] Started LSB: automatic crash report generation.
[[0;32m  OK  [0m] Started LSB: Record successful boot for GRUB.
[[0;32m  OK  [0m] Started Authorization Manager.
[[0;32m  OK  [0m] Started Accounts Service.
[[0;32m  OK  [0m] Started Virtualbox guest utils.
[[0;32m  OK  [0m] Started Dispatcher daemon for systemd-networkd.
[[0;32m  OK  [0m] Started LXD - container startup/shutdown.
[[0;32m  OK  [0m] Started Snap Daemon.
         Starting Wait until snapd is fully seeded...
         Starting Time & Date Service...
[[0;32m  OK  [0m] Started Time & Date Service.
[[0;32m  OK  [0m] Started Pollinate to seed the pseudo random number generator.
         Starting OpenBSD Secure Shell server...
[[0;32m  OK  [0m] Started OpenBSD Secure Shell server.
[[0;32m  OK  [0m] Created slice User Slice of vagrant.
         Starting User Manager for UID 1000...
[[0;32m  OK  [0m] Started Session 1 of user vagrant.
[[0;32m  OK  [0m] Started User Manager for UID 1000.

Ubuntu 18.04.6 LTS ubuntu-bionic ttyS0

ubuntu-bionic login: [   33.841596] cloud-init[1382]: Cloud-init v. 22.2-0ubuntu1~18.04.3 running 'modules:config' at Tue, 04 Oct 2022 19:26:19 +0000. Up 32.30 seconds.
ci-info: no authorized SSH keys fingerprints found for user ubuntu.
<14>Oct  4 19:26:21 cloud-init: #############################################################
<14>Oct  4 19:26:21 cloud-init: -----BEGIN SSH HOST KEY FINGERPRINTS-----
<14>Oct  4 19:26:21 cloud-init: 1024 SHA256:3C5oLWKH3bhSaJPjmN08q/+2m17/XPCrnbuWWo01hXs root@ubuntu-bionic (DSA)
<14>Oct  4 19:26:21 cloud-init: 256 SHA256:w7z/Dj5I/0leLaCFzYzy0QwunJfHHPEUhIGgAtydSog root@ubuntu-bionic (ECDSA)
<14>Oct  4 19:26:21 cloud-init: 256 SHA256:zgIsM5PXaycSbhBbOY+mKgI9RFVipPUhAmmIPxT3/9c root@ubuntu-bionic (ED25519)
<14>Oct  4 19:26:21 cloud-init: 2048 SHA256:IVV6rQK5viUw/fCL+BxJ1HXcfqc2tLhWxGz01MmWawE root@ubuntu-bionic (RSA)
<14>Oct  4 19:26:21 cloud-init: -----END SSH HOST KEY FINGERPRINTS-----
<14>Oct  4 19:26:21 cloud-init: #############################################################
-----BEGIN SSH HOST KEY KEYS-----
ecdsa-sha2-nistp256 AAAAE2VjZHNhLXNoYTItbmlzdHAyNTYAAAAIbmlzdHAyNTYAAABBBBEI7EfQCCBjRQdvZjdU6eMBCS02qPijMdCS2PK1Y0BziA31DViQFEu9R32p7iozNfKlYh7R0Tywh7AC6BZVmQk= root@ubuntu-bionic
ssh-ed25519 AAAAC3NzaC1lZDI1NTE5AAAAIPu4lh3I5hLjhj1EY1zxlPCQdLtMc2HC3FZHpYgRjFED root@ubuntu-bionic
ssh-rsa AAAAB3NzaC1yc2EAAAADAQABAAABAQDS4dC00mqYv1nv2g1LyvvK/FoGe+stNh7iHYXxmgZ0llCWMQ4KULa6UTAN629eAAwCVCXpUjEsIl9r6g8xAgbEluvL0eiKxEgaFpYUpU4eSlPHw6DX+MHYbd/102RM0aW41/lH54cFMIarCi58xmfGr2mBreBm2rc9iZe6/m5rcO+eBIlUeNVFvZgdBq1McCNRY0aPqYrPlkjYEUyZbLfuvv0DDBJOpLFh7ABHET9ekylZJx9DRi6uF2gJjyCIm5Iiq6k4LSht+7acxKra6JqjbubLAroSoLJg69xW4SD93p3Zpc8y5+xnYYJ5mYKY1Qnbdp3BuAxvhPZBVh0C0tlT root@ubuntu-bionic
-----END SSH HOST KEY KEYS-----
[   34.681133] cloud-init[1496]: Cloud-init v. 22.2-0ubuntu1~18.04.3 running 'modules:final' at Tue, 04 Oct 2022 19:26:21 +0000. Up 34.41 seconds.
[   34.681478] cloud-init[1496]: Cloud-init v. 22.2-0ubuntu1~18.04.3 finished at Tue, 04 Oct 2022 19:26:21 +0000. Datasource DataSourceNoCloud [seed=/dev/sdb][dsmode=net].  Up 34.66 seconds
[[0;32m  OK  [0m] Stopped target Timers.
[[0;32m  OK  [0m] Stopped Message of the Day.
         Stopping Session 7 of user vagrant.
[[0;32m  OK  [0m] Stopped target Cloud-init target.
         Stopping User Manager for UID 1000...
         Stopping Availability of block devices...
[[0;32m  OK  [0m] Stopped target Host and Network Name Lookups.
[[0;32m  OK  [0m] Stopped Daily Cleanup of Temporary Directories.
[[0;32m  OK  [0m] Stopped target RPC Port Mapper.
[[0;32m  OK  [0m] Stopped Ubuntu Advantage Timer for running repeated jobs.
[[0;32m  OK  [0m] Stopped Discard unused blocks once a week.
[[0;32m  OK  [0m] Stopped target Graphical Interface.
[[0;32m  OK  [0m] Stopped Daily apt upgrade and clean activities.
[[0;32m  OK  [0m] Stopped Daily apt download activities.
[[0;32m  OK  [0m] Stopped target System Time Synchronized.
[[0;32m  OK  [0m] Closed Load/Save RF Kill Switch Status /dev/rfkill Watch.
         Stopping Accounts Service...
[[0;32m  OK  [0m] Stopped NFS server and client services.
[[0;32m  OK  [0m] Stopped Execute cloud user/final scripts.
[[0;32m  OK  [0m] Stopped Apply the settings specified in cloud-config.
[[0;32m  OK  [0m] Stopped target Cloud-config availability.
[[0[[0;32m  OK  [0m] Stopped irqbalance daemon.
[[0;32m  OK  [0m] Stopped Accounts Service.
[[0;32m  OK  [0m] Stopped System Logging Service.
[[0;32m  OK  [0m] Stopped Regular background program processing daemon.
[[0;32m  OK  [0m] Stopped Deferred execution scheduler.
[[0;32m  OK  [0m] Stopped Dispatcher daemon for systemd-networkd.
[[0;32m  OK  [0m] Stopped Authorization Manager.
[[0;32m  OK  [0m] Stopped Serial Getty on ttyS0.
[[0;32m  OK  [0m] Stopped Getty on tty1.
[[0;32m  OK  [0m] Stopped OpenBSD Secure Shell server.
[[0;32m  OK  [0m] Stopped User Manager for UID 1000.
[[0;32m  OK  [0m] Stopped Availability of block devices.
[[0;32m  OK  [0m] Stopped D-Bus System Message Bus.
[[0;32m  OK  [0m] Stopped FUSE filesystem for LXC.
[[0;32m  OK  [0m] Stopped Session 7 of user vagrant.
[[0;32m  OK  [0m] Stopped LXD - container startup/shutdown.
[[0;32m  OK  [0m] Stopped LSB: Record successful boot for GRUB.
[[0;32m  OK  [0m] Removed slice User Slice of vagrant.
         Stopping Login Service...
[[0;32m  OK  [0m] Removed slice system-getty.slice.
[[0;32m  OK  [0m] Removed slice system-serial\x2dgetty.slice.
         Stopping Permit User Sessions...
[[0;32m  OK  [0m] Stopped LSB: automatic crash report generation.
[[0;32m  OK  [0m] Stopped Permit User Sessions.
[[0;32m  OK  [0m] Stopped Virtualbox guest utils.
[[0;32m  OK  [0m] Stopped target Remote File Systems.
         Unmounting /vagrant...
[[0;32m  OK  [0m] Unmounted /vagrant.
[[0;32m  OK  [0m] Stopped target Network is Online.
[[0;32m  OK  [0m] Stopped target Remote File Systems (Pre).
[[0;32m  OK  [0m] Stopped target Network.
         Stopping Network Name Resolution...
[[0;32m  OK  [0m] Stopped Login Service.
[[0;32m  OK  [0m] Stopped target User and Group Name Lookups.
[[0;32m  OK  [0m] Stopped target Basic System.
[[0;32m  OK  [0m] Stopped target Paths.
[[0;32m  OK  [0m] Stopped ACPI Events Check.
[[0;32m  OK  [0m] Stopped target Sockets.
[[0;32m  OK  [0m] Closed Socket activation for snappy daemon.
[[0;32m  OK  [0m] Closed cloud-init hotplug hook socket.
[[0;32m  OK  [0m] Closed Syslog Socket.
[[0;32m  OK  [0m] Closed ACPID Listen Socket.
[[0;32m  OK  [0m] Closed Open-iSCSI iscsid Socket.
[[0;32m  OK  [0m] Closed LXD - unix socket.
[[0;32m  OK  [0m] Closed UUID daemon activation socket.
[[0;32m  OK  [0m] Stopped target Slices.
[[0;32m  OK  [0m] Removed slice User and Session Slice.
[[0;32m  OK  [0m] Closed D-Bus System Message Bus Socket.
[[0;32m  OK  [0m] Stopped target System Initialization.
[[0;32m  OK  [0m] Stopped Initial cloud-init job (metadata service crawler).
         Stopping Load/Save Random Seed...
[[0;32m  OK  [0m] Stopped target Local Encrypted Volumes.
[[0;32m  OK  [0m] Stopped Forward Password Requests to Wall Directory Watch.
[[0;32m  OK  [0m] Stopped Dispatch Password Requests to Console Directory Watch.
         Stopping Update UTMP about System Boot/Shutdown...
[[0;32m  OK  [0m] Stopped Commit a transient machine-id on disk.
[[0;32m  OK  [0m] Stopped Network Name Resolution.
[[0;32m  OK  [0m] Stopped Load/Save Random Seed.
         Stopping Network Service...
[[0;32m  OK  [0m] Stopped Update UTMP about System Boot/Shutdown.
[[0;32m  OK  [0m] Stopped Create Volatile Files and Directories.
[[0;32m  OK  [0m] Stopped target Local File Systems.
         Unmounting /run/user/1000...
[[0;32m  OK  [0m] Unmounted /run/user/1000.
[[0;32m  OK  [0m] Reached target Unmount All Filesystems.
[[0;32m  OK  [0m] Stopped target Swap.
[[0;32m  OK  [0m] Stopped target Local File Systems (Pre).
         Stopping Monitoring of LVM2 mirrors…ng dmeventd or progress polling...
[[0;32m  OK  [0m] Stopped Create Static Device Nodes in /dev.
[[0;32m  OK  [0m] Stopped Monitoring of LVM2 mirrors,…sing dmeventd or progress polling.
         Stopping LVM2 metadata daemon...
[[0;32m  OK  [0m] Stopped LVM2 metadata daemon.
[[0;32m  OK  [0m] Stopped Network Service.
[[0;32m  OK  [0m] Stopped Apply Kernel Variables.
[[0;32m  OK  [0m] Stopped Load Kernel Modules.
[[0;32m  OK  [0m] Stopped target Network (Pre).
[[0;32m  OK  [0m] Stopped Initial cloud-init job (pre-networking).
[[0;32m  OK  [0m] Stopped Remount Root and Kernel File Systems.
[[0;32m  OK  [0m] Reached target Shutdown.
[[0;32m  OK  [0m] Reached target Final Step.
         Starting Power-Off...
[  725.519978] reboot: Power down
